<?xml version="1.0" encoding="UTF-8"?>
<coverage generated="1613608504458" clover="3.2.0">
  <project timestamp="1613608504458" name="All files">
    <metrics statements="74" coveredstatements="44" conditionals="26" coveredconditionals="13" methods="35" coveredmethods="10" elements="135" coveredelements="67" complexity="0" loc="74" ncloc="74" packages="5" files="11" classes="11">
      <package name="src">
        <metrics statements="2" coveredstatements="1" conditionals="0" coveredconditionals="0" methods="1" coveredmethods="0"/>
        <file name="routes.jsx" path="/Users/jordanbourne/Repos/sideWork/rocket-ui-test/src/routes.jsx">
          <metrics statements="2" coveredstatements="1" conditionals="0" coveredconditionals="0" methods="1" coveredmethods="0"/>
          <line num="8" count="1" type="stmt"/>
          <line num="9" count="0" type="stmt"/>
        </file>
      </package>
      <package name="src.actions">
        <metrics statements="26" coveredstatements="15" conditionals="9" coveredconditionals="5" methods="16" coveredmethods="3"/>
        <file name="Launches.js" path="/Users/jordanbourne/Repos/sideWork/rocket-ui-test/src/actions/Launches.js">
          <metrics statements="13" coveredstatements="7" conditionals="4" coveredconditionals="2" methods="8" coveredmethods="1"/>
          <line num="3" count="2" type="stmt"/>
          <line num="8" count="2" type="stmt"/>
          <line num="12" count="2" type="stmt"/>
          <line num="19" count="2" type="stmt"/>
          <line num="20" count="0" type="stmt"/>
          <line num="21" count="0" type="stmt"/>
          <line num="22" count="0" type="stmt"/>
          <line num="26" count="2" type="stmt"/>
          <line num="27" count="0" type="stmt"/>
          <line num="28" count="0" type="stmt"/>
          <line num="31" count="2" type="cond" truecount="2" falsecount="0"/>
          <line num="33" count="2" type="stmt"/>
          <line num="34" count="0" type="cond" truecount="0" falsecount="2"/>
        </file>
        <file name="Rockets.js" path="/Users/jordanbourne/Repos/sideWork/rocket-ui-test/src/actions/Rockets.js">
          <metrics statements="13" coveredstatements="8" conditionals="5" coveredconditionals="3" methods="8" coveredmethods="2"/>
          <line num="3" count="3" type="stmt"/>
          <line num="8" count="3" type="stmt"/>
          <line num="12" count="3" type="stmt"/>
          <line num="20" count="3" type="stmt"/>
          <line num="21" count="2" type="stmt"/>
          <line num="22" count="0" type="stmt"/>
          <line num="23" count="0" type="stmt"/>
          <line num="27" count="3" type="stmt"/>
          <line num="28" count="0" type="stmt"/>
          <line num="29" count="0" type="stmt"/>
          <line num="32" count="3" type="cond" truecount="3" falsecount="0"/>
          <line num="34" count="3" type="stmt"/>
          <line num="35" count="0" type="cond" truecount="0" falsecount="2"/>
        </file>
      </package>
      <package name="src.components">
        <metrics statements="16" coveredstatements="16" conditionals="11" coveredconditionals="8" methods="6" coveredmethods="6"/>
        <file name="Launch.jsx" path="/Users/jordanbourne/Repos/sideWork/rocket-ui-test/src/components/Launch.jsx">
          <metrics statements="14" coveredstatements="14" conditionals="11" coveredconditionals="8" methods="5" coveredmethods="5"/>
          <line num="5" count="2" type="stmt"/>
          <line num="6" count="16" type="cond" truecount="0" falsecount="1"/>
          <line num="7" count="8" type="stmt"/>
          <line num="8" count="8" type="stmt"/>
          <line num="9" count="8" type="stmt"/>
          <line num="10" count="4" type="cond" truecount="2" falsecount="0"/>
          <line num="14" count="8" type="stmt"/>
          <line num="15" count="2" type="stmt"/>
          <line num="16" count="2" type="cond" truecount="2" falsecount="0"/>
          <line num="17" count="1" type="stmt"/>
          <line num="19" count="1" type="stmt"/>
          <line num="22" count="8" type="stmt"/>
          <line num="23" count="8" type="stmt"/>
          <line num="24" count="2" type="stmt"/>
        </file>
        <file name="Navigation.jsx" path="/Users/jordanbourne/Repos/sideWork/rocket-ui-test/src/components/Navigation.jsx">
          <metrics statements="2" coveredstatements="2" conditionals="0" coveredconditionals="0" methods="1" coveredmethods="1"/>
          <line num="4" count="1" type="stmt"/>
          <line num="5" count="1" type="stmt"/>
        </file>
      </package>
      <package name="src.services">
        <metrics statements="8" coveredstatements="6" conditionals="0" coveredconditionals="0" methods="2" coveredmethods="0"/>
        <file name="BaseService.js" path="/Users/jordanbourne/Repos/sideWork/rocket-ui-test/src/services/BaseService.js">
          <metrics statements="2" coveredstatements="2" conditionals="0" coveredconditionals="0" methods="0" coveredmethods="0"/>
          <line num="3" count="4" type="stmt"/>
          <line num="4" count="4" type="stmt"/>
        </file>
        <file name="LaunchService.js" path="/Users/jordanbourne/Repos/sideWork/rocket-ui-test/src/services/LaunchService.js">
          <metrics statements="3" coveredstatements="2" conditionals="0" coveredconditionals="0" methods="1" coveredmethods="0"/>
          <line num="3" count="2" type="stmt"/>
          <line num="5" count="2" type="stmt"/>
          <line num="6" count="0" type="stmt"/>
        </file>
        <file name="RocketService.js" path="/Users/jordanbourne/Repos/sideWork/rocket-ui-test/src/services/RocketService.js">
          <metrics statements="3" coveredstatements="2" conditionals="0" coveredconditionals="0" methods="1" coveredmethods="0"/>
          <line num="3" count="3" type="stmt"/>
          <line num="5" count="3" type="stmt"/>
          <line num="6" count="0" type="stmt"/>
        </file>
      </package>
      <package name="src.views">
        <metrics statements="22" coveredstatements="6" conditionals="6" coveredconditionals="0" methods="10" coveredmethods="1"/>
        <file name="ConnectedView.jsx" path="/Users/jordanbourne/Repos/sideWork/rocket-ui-test/src/views/ConnectedView.jsx">
          <metrics statements="6" coveredstatements="4" conditionals="0" coveredconditionals="0" methods="4" coveredmethods="1"/>
          <line num="7" count="1" type="stmt"/>
          <line num="13" count="0" type="stmt"/>
          <line num="18" count="0" type="stmt"/>
          <line num="26" count="1" type="stmt"/>
          <line num="28" count="1" type="stmt"/>
          <line num="32" count="1" type="stmt"/>
        </file>
        <file name="Launches.jsx" path="/Users/jordanbourne/Repos/sideWork/rocket-ui-test/src/views/Launches.jsx">
          <metrics statements="14" coveredstatements="1" conditionals="6" coveredconditionals="0" methods="5" coveredmethods="0"/>
          <line num="7" count="1" type="stmt"/>
          <line num="8" count="0" type="stmt"/>
          <line num="9" count="0" type="stmt"/>
          <line num="10" count="0" type="stmt"/>
          <line num="11" count="0" type="stmt"/>
          <line num="12" count="0" type="stmt"/>
          <line num="15" count="0" type="stmt"/>
          <line num="16" count="0" type="cond" truecount="0" falsecount="4"/>
          <line num="17" count="0" type="stmt"/>
          <line num="20" count="0" type="cond" truecount="0" falsecount="2"/>
          <line num="21" count="0" type="stmt"/>
          <line num="24" count="0" type="stmt"/>
          <line num="27" count="0" type="stmt"/>
          <line num="38" count="0" type="stmt"/>
        </file>
        <file name="Layout.jsx" path="/Users/jordanbourne/Repos/sideWork/rocket-ui-test/src/views/Layout.jsx">
          <metrics statements="2" coveredstatements="1" conditionals="0" coveredconditionals="0" methods="1" coveredmethods="0"/>
          <line num="3" count="1" type="stmt"/>
          <line num="6" count="0" type="stmt"/>
        </file>
      </package>
    </metrics>
  </project>
</coverage>
