{"/Users/jordanbourne/Repos/sideWork/rocket-ui-test/src/routes.jsx": {"path":"/Users/jordanbourne/Repos/sideWork/rocket-ui-test/src/routes.jsx","statementMap":{"0":{"start":{"line":8,"column":15},"end":{"line":15,"column":1}},"1":{"start":{"line":9,"column":2},"end":{"line":14,"column":11}}},"fnMap":{"0":{"name":"(anonymous_0)","decl":{"start":{"line":8,"column":15},"end":{"line":8,"column":16}},"loc":{"start":{"line":9,"column":2},"end":{"line":14,"column":11}},"line":9}},"branchMap":{},"s":{"0":1,"1":0},"f":{"0":0},"b":{},"_coverageSchema":"332fd63041d2c1bcb487cc26dd0d5f7d97098a6c","hash":"ff7ee2051de9fea8005d04a6f10e3d9bd2e8e5bc"}
,"/Users/jordanbourne/Repos/sideWork/rocket-ui-test/src/actions/Launches.js": {"path":"/Users/jordanbourne/Repos/sideWork/rocket-ui-test/src/actions/Launches.js","statementMap":{"0":{"start":{"line":3,"column":23},"end":{"line":6,"column":1}},"1":{"start":{"line":8,"column":31},"end":{"line":10,"column":2}},"2":{"start":{"line":8,"column":38},"end":{"line":10,"column":1}},"3":{"start":{"line":12,"column":24},"end":{"line":17,"column":2}},"4":{"start":{"line":12,"column":37},"end":{"line":17,"column":1}},"5":{"start":{"line":19,"column":34},"end":{"line":24,"column":1}},"6":{"start":{"line":20,"column":2},"end":{"line":23,"column":3}},"7":{"start":{"line":21,"column":33},"end":{"line":21,"column":43}},"8":{"start":{"line":22,"column":4},"end":{"line":22,"column":64}},"9":{"start":{"line":26,"column":29},"end":{"line":29,"column":1}},"10":{"start":{"line":27,"column":2},"end":{"line":27,"column":30}},"11":{"start":{"line":28,"column":2},"end":{"line":28,"column":83}},"12":{"start":{"line":28,"column":46},"end":{"line":28,"column":81}},"13":{"start":{"line":31,"column":35},"end":{"line":31,"column":118}},"14":{"start":{"line":31,"column":55},"end":{"line":31,"column":118}},"15":{"start":{"line":33,"column":37},"end":{"line":34,"column":66}},"16":{"start":{"line":34,"column":2},"end":{"line":34,"column":66}}},"fnMap":{"0":{"name":"(anonymous_0)","decl":{"start":{"line":8,"column":31},"end":{"line":8,"column":32}},"loc":{"start":{"line":8,"column":38},"end":{"line":10,"column":1}},"line":8},"1":{"name":"(anonymous_1)","decl":{"start":{"line":12,"column":24},"end":{"line":12,"column":25}},"loc":{"start":{"line":12,"column":37},"end":{"line":17,"column":1}},"line":12},"2":{"name":"(anonymous_2)","decl":{"start":{"line":19,"column":34},"end":{"line":19,"column":35}},"loc":{"start":{"line":19,"column":40},"end":{"line":24,"column":1}},"line":19},"3":{"name":"(anonymous_3)","decl":{"start":{"line":20,"column":9},"end":{"line":20,"column":10}},"loc":{"start":{"line":20,"column":33},"end":{"line":23,"column":3}},"line":20},"4":{"name":"(anonymous_4)","decl":{"start":{"line":26,"column":29},"end":{"line":26,"column":30}},"loc":{"start":{"line":26,"column":41},"end":{"line":29,"column":1}},"line":26},"5":{"name":"(anonymous_5)","decl":{"start":{"line":28,"column":34},"end":{"line":28,"column":35}},"loc":{"start":{"line":28,"column":46},"end":{"line":28,"column":81}},"line":28},"6":{"name":"(anonymous_6)","decl":{"start":{"line":31,"column":35},"end":{"line":31,"column":36}},"loc":{"start":{"line":31,"column":55},"end":{"line":31,"column":118}},"line":31},"7":{"name":"(anonymous_7)","decl":{"start":{"line":33,"column":37},"end":{"line":33,"column":38}},"loc":{"start":{"line":34,"column":2},"end":{"line":34,"column":66}},"line":34}},"branchMap":{"0":{"loc":{"start":{"line":31,"column":55},"end":{"line":31,"column":118}},"type":"binary-expr","locations":[{"start":{"line":31,"column":55},"end":{"line":31,"column":88}},{"start":{"line":31,"column":92},"end":{"line":31,"column":118}}],"line":31},"1":{"loc":{"start":{"line":34,"column":2},"end":{"line":34,"column":66}},"type":"binary-expr","locations":[{"start":{"line":34,"column":2},"end":{"line":34,"column":39}},{"start":{"line":34,"column":43},"end":{"line":34,"column":66}}],"line":34}},"s":{"0":2,"1":2,"2":0,"3":2,"4":0,"5":2,"6":0,"7":0,"8":0,"9":2,"10":0,"11":0,"12":0,"13":2,"14":2,"15":2,"16":0},"f":{"0":0,"1":0,"2":0,"3":0,"4":0,"5":0,"6":2,"7":0},"b":{"0":[2,1],"1":[0,0]},"_coverageSchema":"332fd63041d2c1bcb487cc26dd0d5f7d97098a6c","hash":"00ded430c0e063c7291b97fae54b9fa893b0d62f"}
,"/Users/jordanbourne/Repos/sideWork/rocket-ui-test/src/actions/Rockets.js": {"path":"/Users/jordanbourne/Repos/sideWork/rocket-ui-test/src/actions/Rockets.js","statementMap":{"0":{"start":{"line":3,"column":23},"end":{"line":6,"column":1}},"1":{"start":{"line":8,"column":29},"end":{"line":10,"column":2}},"2":{"start":{"line":8,"column":36},"end":{"line":10,"column":1}},"3":{"start":{"line":12,"column":22},"end":{"line":18,"column":2}},"4":{"start":{"line":12,"column":47},"end":{"line":18,"column":1}},"5":{"start":{"line":20,"column":32},"end":{"line":25,"column":1}},"6":{"start":{"line":21,"column":2},"end":{"line":24,"column":3}},"7":{"start":{"line":22,"column":43},"end":{"line":22,"column":53}},"8":{"start":{"line":23,"column":4},"end":{"line":23,"column":69}},"9":{"start":{"line":27,"column":27},"end":{"line":30,"column":1}},"10":{"start":{"line":28,"column":2},"end":{"line":28,"column":28}},"11":{"start":{"line":29,"column":2},"end":{"line":29,"column":105}},"12":{"start":{"line":29,"column":60},"end":{"line":29,"column":103}},"13":{"start":{"line":32,"column":33},"end":{"line":32,"column":133}},"14":{"start":{"line":32,"column":62},"end":{"line":32,"column":133}},"15":{"start":{"line":34,"column":35},"end":{"line":35,"column":79}},"16":{"start":{"line":35,"column":2},"end":{"line":35,"column":79}}},"fnMap":{"0":{"name":"(anonymous_0)","decl":{"start":{"line":8,"column":29},"end":{"line":8,"column":30}},"loc":{"start":{"line":8,"column":36},"end":{"line":10,"column":1}},"line":8},"1":{"name":"(anonymous_1)","decl":{"start":{"line":12,"column":22},"end":{"line":12,"column":23}},"loc":{"start":{"line":12,"column":47},"end":{"line":18,"column":1}},"line":12},"2":{"name":"(anonymous_2)","decl":{"start":{"line":20,"column":32},"end":{"line":20,"column":33}},"loc":{"start":{"line":20,"column":46},"end":{"line":25,"column":1}},"line":20},"3":{"name":"(anonymous_3)","decl":{"start":{"line":21,"column":9},"end":{"line":21,"column":10}},"loc":{"start":{"line":21,"column":33},"end":{"line":24,"column":3}},"line":21},"4":{"name":"(anonymous_4)","decl":{"start":{"line":27,"column":27},"end":{"line":27,"column":28}},"loc":{"start":{"line":27,"column":51},"end":{"line":30,"column":1}},"line":27},"5":{"name":"(anonymous_5)","decl":{"start":{"line":29,"column":48},"end":{"line":29,"column":49}},"loc":{"start":{"line":29,"column":60},"end":{"line":29,"column":103}},"line":29},"6":{"name":"(anonymous_6)","decl":{"start":{"line":32,"column":33},"end":{"line":32,"column":34}},"loc":{"start":{"line":32,"column":62},"end":{"line":32,"column":133}},"line":32},"7":{"name":"(anonymous_7)","decl":{"start":{"line":34,"column":35},"end":{"line":34,"column":36}},"loc":{"start":{"line":35,"column":2},"end":{"line":35,"column":79}},"line":35}},"branchMap":{"0":{"loc":{"start":{"line":32,"column":62},"end":{"line":32,"column":133}},"type":"binary-expr","locations":[{"start":{"line":32,"column":62},"end":{"line":32,"column":76}},{"start":{"line":32,"column":81},"end":{"line":32,"column":104}},{"start":{"line":32,"column":108},"end":{"line":32,"column":132}}],"line":32},"1":{"loc":{"start":{"line":35,"column":2},"end":{"line":35,"column":79}},"type":"binary-expr","locations":[{"start":{"line":35,"column":2},"end":{"line":35,"column":44}},{"start":{"line":35,"column":48},"end":{"line":35,"column":79}}],"line":35}},"s":{"0":3,"1":3,"2":0,"3":3,"4":0,"5":3,"6":2,"7":0,"8":0,"9":3,"10":0,"11":0,"12":0,"13":3,"14":3,"15":3,"16":0},"f":{"0":0,"1":0,"2":2,"3":0,"4":0,"5":0,"6":3,"7":0},"b":{"0":[3,3,3],"1":[0,0]},"_coverageSchema":"332fd63041d2c1bcb487cc26dd0d5f7d97098a6c","hash":"e1ed4e0f9644b3fb5dff03504589a41c2bcad9a0"}
,"/Users/jordanbourne/Repos/sideWork/rocket-ui-test/src/components/Launch.jsx": {"path":"/Users/jordanbourne/Repos/sideWork/rocket-ui-test/src/components/Launch.jsx","statementMap":{"0":{"start":{"line":5,"column":15},"end":{"line":36,"column":1}},"1":{"start":{"line":6,"column":33},"end":{"line":6,"column":68}},"2":{"start":{"line":6,"column":54},"end":{"line":6,"column":67}},"3":{"start":{"line":7,"column":19},"end":{"line":7,"column":32}},"4":{"start":{"line":8,"column":30},"end":{"line":8,"column":89}},"5":{"start":{"line":9,"column":2},"end":{"line":11,"column":28}},"6":{"start":{"line":10,"column":4},"end":{"line":10,"column":81}},"7":{"start":{"line":10,"column":29},"end":{"line":10,"column":81}},"8":{"start":{"line":14,"column":29},"end":{"line":21,"column":3}},"9":{"start":{"line":15,"column":4},"end":{"line":15,"column":91}},"10":{"start":{"line":16,"column":4},"end":{"line":20,"column":5}},"11":{"start":{"line":17,"column":6},"end":{"line":17,"column":25}},"12":{"start":{"line":19,"column":6},"end":{"line":19,"column":65}},"13":{"start":{"line":22,"column":2},"end":{"line":22,"column":44}},"14":{"start":{"line":23,"column":2},"end":{"line":35,"column":4}},"15":{"start":{"line":24,"column":23},"end":{"line":24,"column":43}}},"fnMap":{"0":{"name":"(anonymous_0)","decl":{"start":{"line":5,"column":15},"end":{"line":5,"column":16}},"loc":{"start":{"line":5,"column":62},"end":{"line":36,"column":1}},"line":5},"1":{"name":"(anonymous_1)","decl":{"start":{"line":6,"column":45},"end":{"line":6,"column":46}},"loc":{"start":{"line":6,"column":54},"end":{"line":6,"column":67}},"line":6},"2":{"name":"(anonymous_2)","decl":{"start":{"line":9,"column":12},"end":{"line":9,"column":13}},"loc":{"start":{"line":9,"column":18},"end":{"line":11,"column":3}},"line":9},"3":{"name":"(anonymous_3)","decl":{"start":{"line":14,"column":29},"end":{"line":14,"column":30}},"loc":{"start":{"line":14,"column":35},"end":{"line":21,"column":3}},"line":14},"4":{"name":"(anonymous_4)","decl":{"start":{"line":24,"column":17},"end":{"line":24,"column":18}},"loc":{"start":{"line":24,"column":23},"end":{"line":24,"column":43}},"line":24}},"branchMap":{"0":{"loc":{"start":{"line":6,"column":10},"end":{"line":6,"column":28}},"type":"default-arg","locations":[{"start":{"line":6,"column":26},"end":{"line":6,"column":28}}],"line":6},"1":{"loc":{"start":{"line":10,"column":4},"end":{"line":10,"column":81}},"type":"if","locations":[{"start":{"line":10,"column":4},"end":{"line":10,"column":81}},{"start":{"line":10,"column":4},"end":{"line":10,"column":81}}],"line":10},"2":{"loc":{"start":{"line":16,"column":4},"end":{"line":20,"column":5}},"type":"if","locations":[{"start":{"line":16,"column":4},"end":{"line":20,"column":5}},{"start":{"line":16,"column":4},"end":{"line":20,"column":5}}],"line":16},"3":{"loc":{"start":{"line":27,"column":7},"end":{"line":33,"column":7}},"type":"binary-expr","locations":[{"start":{"line":27,"column":7},"end":{"line":27,"column":26}},{"start":{"line":28,"column":8},"end":{"line":32,"column":13}}],"line":27},"4":{"loc":{"start":{"line":30,"column":33},"end":{"line":30,"column":129}},"type":"binary-expr","locations":[{"start":{"line":30,"column":33},"end":{"line":30,"column":71}},{"start":{"line":30,"column":75},"end":{"line":30,"column":129}}],"line":30},"5":{"loc":{"start":{"line":31,"column":29},"end":{"line":31,"column":121}},"type":"binary-expr","locations":[{"start":{"line":31,"column":29},"end":{"line":31,"column":67}},{"start":{"line":31,"column":71},"end":{"line":31,"column":121}}],"line":31}},"s":{"0":2,"1":8,"2":16,"3":8,"4":8,"5":8,"6":4,"7":2,"8":8,"9":2,"10":2,"11":1,"12":1,"13":8,"14":8,"15":2},"f":{"0":8,"1":16,"2":4,"3":2,"4":2},"b":{"0":[0],"1":[2,2],"2":[1,1],"3":[8,4],"4":[4,0],"5":[4,0]},"_coverageSchema":"332fd63041d2c1bcb487cc26dd0d5f7d97098a6c","hash":"d9a2c9739ee1ed5762e9a12e2c98296fb149f89e"}
,"/Users/jordanbourne/Repos/sideWork/rocket-ui-test/src/components/Navigation.jsx": {"path":"/Users/jordanbourne/Repos/sideWork/rocket-ui-test/src/components/Navigation.jsx","statementMap":{"0":{"start":{"line":4,"column":19},"end":{"line":8,"column":1}},"1":{"start":{"line":5,"column":2},"end":{"line":7,"column":7}}},"fnMap":{"0":{"name":"(anonymous_0)","decl":{"start":{"line":4,"column":19},"end":{"line":4,"column":20}},"loc":{"start":{"line":5,"column":2},"end":{"line":7,"column":7}},"line":5}},"branchMap":{},"s":{"0":1,"1":1},"f":{"0":1},"b":{},"_coverageSchema":"332fd63041d2c1bcb487cc26dd0d5f7d97098a6c","hash":"6692cd97f52d06cd21c37ee83a57989eec15ddbf"}
,"/Users/jordanbourne/Repos/sideWork/rocket-ui-test/src/services/BaseService.js": {"path":"/Users/jordanbourne/Repos/sideWork/rocket-ui-test/src/services/BaseService.js","statementMap":{"0":{"start":{"line":3,"column":28},"end":{"line":3,"column":59}},"1":{"start":{"line":4,"column":19},"end":{"line":4,"column":33}}},"fnMap":{},"branchMap":{},"s":{"0":4,"1":4},"f":{},"b":{},"_coverageSchema":"332fd63041d2c1bcb487cc26dd0d5f7d97098a6c","hash":"f04b634ac2c6c2656f3113cdfb37a76bf4747660"}
,"/Users/jordanbourne/Repos/sideWork/rocket-ui-test/src/services/LaunchService.js": {"path":"/Users/jordanbourne/Repos/sideWork/rocket-ui-test/src/services/LaunchService.js","statementMap":{"0":{"start":{"line":3,"column":19},"end":{"line":3,"column":45}},"1":{"start":{"line":5,"column":22},"end":{"line":7,"column":1}},"2":{"start":{"line":6,"column":13},"end":{"line":6,"column":37}}},"fnMap":{"0":{"name":"(anonymous_0)","decl":{"start":{"line":6,"column":7},"end":{"line":6,"column":8}},"loc":{"start":{"line":6,"column":13},"end":{"line":6,"column":37}},"line":6}},"branchMap":{},"s":{"0":2,"1":2,"2":0},"f":{"0":0},"b":{},"_coverageSchema":"332fd63041d2c1bcb487cc26dd0d5f7d97098a6c","hash":"d66f2f62c490d1460fcd537efeba93c613163884"}
,"/Users/jordanbourne/Repos/sideWork/rocket-ui-test/src/services/RocketService.js": {"path":"/Users/jordanbourne/Repos/sideWork/rocket-ui-test/src/services/RocketService.js","statementMap":{"0":{"start":{"line":3,"column":19},"end":{"line":3,"column":44}},"1":{"start":{"line":5,"column":22},"end":{"line":7,"column":1}},"2":{"start":{"line":6,"column":27},"end":{"line":6,"column":63}}},"fnMap":{"0":{"name":"(anonymous_0)","decl":{"start":{"line":6,"column":13},"end":{"line":6,"column":14}},"loc":{"start":{"line":6,"column":27},"end":{"line":6,"column":63}},"line":6}},"branchMap":{},"s":{"0":3,"1":3,"2":0},"f":{"0":0},"b":{},"_coverageSchema":"332fd63041d2c1bcb487cc26dd0d5f7d97098a6c","hash":"abb8512c4a09185a04334b7313788cf558c5b8f2"}
,"/Users/jordanbourne/Repos/sideWork/rocket-ui-test/src/views/ConnectedView.jsx": {"path":"/Users/jordanbourne/Repos/sideWork/rocket-ui-test/src/views/ConnectedView.jsx","statementMap":{"0":{"start":{"line":7,"column":13},"end":{"line":7,"column":25}},"1":{"start":{"line":13,"column":26},"end":{"line":16,"column":7}},"2":{"start":{"line":18,"column":6},"end":{"line":22,"column":8}},"3":{"start":{"line":26,"column":26},"end":{"line":26,"column":40}},"4":{"start":{"line":26,"column":35},"end":{"line":26,"column":40}},"5":{"start":{"line":28,"column":29},"end":{"line":30,"column":4}},"6":{"start":{"line":28,"column":42},"end":{"line":30,"column":3}},"7":{"start":{"line":32,"column":2},"end":{"line":32,"column":26}}},"fnMap":{"0":{"name":"MasterLayoutHOC","decl":{"start":{"line":9,"column":9},"end":{"line":9,"column":24}},"loc":{"start":{"line":9,"column":53},"end":{"line":33,"column":1}},"line":9},"1":{"name":"(anonymous_1)","decl":{"start":{"line":11,"column":4},"end":{"line":11,"column":5}},"loc":{"start":{"line":11,"column":13},"end":{"line":23,"column":5}},"line":11},"2":{"name":"(anonymous_2)","decl":{"start":{"line":26,"column":26},"end":{"line":26,"column":27}},"loc":{"start":{"line":26,"column":35},"end":{"line":26,"column":40}},"line":26},"3":{"name":"(anonymous_3)","decl":{"start":{"line":28,"column":29},"end":{"line":28,"column":30}},"loc":{"start":{"line":28,"column":42},"end":{"line":30,"column":3}},"line":28}},"branchMap":{},"s":{"0":1,"1":0,"2":0,"3":1,"4":0,"5":1,"6":0,"7":1},"f":{"0":1,"1":0,"2":0,"3":0},"b":{},"_coverageSchema":"332fd63041d2c1bcb487cc26dd0d5f7d97098a6c","hash":"5d977b2a6bcd619880a02f64f410002abff4a0de"}
,"/Users/jordanbourne/Repos/sideWork/rocket-ui-test/src/views/Launches.jsx": {"path":"/Users/jordanbourne/Repos/sideWork/rocket-ui-test/src/views/Launches.jsx","statementMap":{"0":{"start":{"line":7,"column":21},"end":{"line":44,"column":1}},"1":{"start":{"line":8,"column":44},"end":{"line":8,"column":56}},"2":{"start":{"line":9,"column":27},"end":{"line":9,"column":71}},"3":{"start":{"line":9,"column":48},"end":{"line":9,"column":70}},"4":{"start":{"line":10,"column":19},"end":{"line":10,"column":32}},"5":{"start":{"line":11,"column":2},"end":{"line":13,"column":9}},"6":{"start":{"line":12,"column":4},"end":{"line":12,"column":34}},"7":{"start":{"line":15,"column":21},"end":{"line":36,"column":3}},"8":{"start":{"line":16,"column":4},"end":{"line":18,"column":5}},"9":{"start":{"line":17,"column":6},"end":{"line":17,"column":34}},"10":{"start":{"line":20,"column":4},"end":{"line":22,"column":5}},"11":{"start":{"line":21,"column":6},"end":{"line":21,"column":34}},"12":{"start":{"line":24,"column":4},"end":{"line":35,"column":6}},"13":{"start":{"line":27,"column":10},"end":{"line":32,"column":15}},"14":{"start":{"line":38,"column":2},"end":{"line":43,"column":4}}},"fnMap":{"0":{"name":"(anonymous_0)","decl":{"start":{"line":7,"column":21},"end":{"line":7,"column":22}},"loc":{"start":{"line":7,"column":27},"end":{"line":44,"column":1}},"line":7},"1":{"name":"(anonymous_1)","decl":{"start":{"line":9,"column":39},"end":{"line":9,"column":40}},"loc":{"start":{"line":9,"column":48},"end":{"line":9,"column":70}},"line":9},"2":{"name":"(anonymous_2)","decl":{"start":{"line":11,"column":12},"end":{"line":11,"column":13}},"loc":{"start":{"line":11,"column":18},"end":{"line":13,"column":3}},"line":11},"3":{"name":"(anonymous_3)","decl":{"start":{"line":15,"column":21},"end":{"line":15,"column":22}},"loc":{"start":{"line":15,"column":27},"end":{"line":36,"column":3}},"line":15},"4":{"name":"(anonymous_4)","decl":{"start":{"line":26,"column":39},"end":{"line":26,"column":40}},"loc":{"start":{"line":27,"column":10},"end":{"line":32,"column":15}},"line":27}},"branchMap":{"0":{"loc":{"start":{"line":16,"column":4},"end":{"line":18,"column":5}},"type":"if","locations":[{"start":{"line":16,"column":4},"end":{"line":18,"column":5}},{"start":{"line":16,"column":4},"end":{"line":18,"column":5}}],"line":16},"1":{"loc":{"start":{"line":16,"column":8},"end":{"line":16,"column":54}},"type":"binary-expr","locations":[{"start":{"line":16,"column":8},"end":{"line":16,"column":25}},{"start":{"line":16,"column":29},"end":{"line":16,"column":54}}],"line":16},"2":{"loc":{"start":{"line":20,"column":4},"end":{"line":22,"column":5}},"type":"if","locations":[{"start":{"line":20,"column":4},"end":{"line":22,"column":5}},{"start":{"line":20,"column":4},"end":{"line":22,"column":5}}],"line":20}},"s":{"0":1,"1":0,"2":0,"3":0,"4":0,"5":0,"6":0,"7":0,"8":0,"9":0,"10":0,"11":0,"12":0,"13":0,"14":0},"f":{"0":0,"1":0,"2":0,"3":0,"4":0},"b":{"0":[0,0],"1":[0,0],"2":[0,0]},"_coverageSchema":"332fd63041d2c1bcb487cc26dd0d5f7d97098a6c","hash":"b6c20e641f7fb5584734a9b48d8fdf66cc81104f"}
,"/Users/jordanbourne/Repos/sideWork/rocket-ui-test/src/views/Layout.jsx": {"path":"/Users/jordanbourne/Repos/sideWork/rocket-ui-test/src/views/Layout.jsx","statementMap":{"0":{"start":{"line":3,"column":15},"end":{"line":17,"column":1}},"1":{"start":{"line":6,"column":2},"end":{"line":16,"column":4}}},"fnMap":{"0":{"name":"(anonymous_0)","decl":{"start":{"line":3,"column":15},"end":{"line":3,"column":16}},"loc":{"start":{"line":5,"column":22},"end":{"line":17,"column":1}},"line":5}},"branchMap":{},"s":{"0":1,"1":0},"f":{"0":0},"b":{},"_coverageSchema":"332fd63041d2c1bcb487cc26dd0d5f7d97098a6c","hash":"a5e7e06022935f9f502bfe0ffd1b630e374774dd"}
}
