TN:
SF:/Users/jordanbourne/Repos/sideWork/rocket-ui-test/src/routes.jsx
FN:8,(anonymous_0)
FNF:1
FNH:0
FNDA:0,(anonymous_0)
DA:8,1
DA:9,0
LF:2
LH:1
BRF:0
BRH:0
end_of_record
TN:
SF:/Users/jordanbourne/Repos/sideWork/rocket-ui-test/src/actions/Launches.js
FN:8,(anonymous_0)
FN:12,(anonymous_1)
FN:19,(anonymous_2)
FN:20,(anonymous_3)
FN:26,(anonymous_4)
FN:28,(anonymous_5)
FN:31,(anonymous_6)
FN:33,(anonymous_7)
FNF:8
FNH:1
FNDA:0,(anonymous_0)
FNDA:0,(anonymous_1)
FNDA:0,(anonymous_2)
FNDA:0,(anonymous_3)
FNDA:0,(anonymous_4)
FNDA:0,(anonymous_5)
FNDA:2,(anonymous_6)
FNDA:0,(anonymous_7)
DA:3,2
DA:8,2
DA:12,2
DA:19,2
DA:20,0
DA:21,0
DA:22,0
DA:26,2
DA:27,0
DA:28,0
DA:31,2
DA:33,2
DA:34,0
LF:13
LH:7
BRDA:31,0,0,2
BRDA:31,0,1,1
BRDA:34,1,0,0
BRDA:34,1,1,0
BRF:4
BRH:2
end_of_record
TN:
SF:/Users/jordanbourne/Repos/sideWork/rocket-ui-test/src/actions/Rockets.js
FN:8,(anonymous_0)
FN:12,(anonymous_1)
FN:20,(anonymous_2)
FN:21,(anonymous_3)
FN:27,(anonymous_4)
FN:29,(anonymous_5)
FN:32,(anonymous_6)
FN:34,(anonymous_7)
FNF:8
FNH:2
FNDA:0,(anonymous_0)
FNDA:0,(anonymous_1)
FNDA:2,(anonymous_2)
FNDA:0,(anonymous_3)
FNDA:0,(anonymous_4)
FNDA:0,(anonymous_5)
FNDA:3,(anonymous_6)
FNDA:0,(anonymous_7)
DA:3,3
DA:8,3
DA:12,3
DA:20,3
DA:21,2
DA:22,0
DA:23,0
DA:27,3
DA:28,0
DA:29,0
DA:32,3
DA:34,3
DA:35,0
LF:13
LH:8
BRDA:32,0,0,3
BRDA:32,0,1,3
BRDA:32,0,2,3
BRDA:35,1,0,0
BRDA:35,1,1,0
BRF:5
BRH:3
end_of_record
TN:
SF:/Users/jordanbourne/Repos/sideWork/rocket-ui-test/src/components/Launch.jsx
FN:5,(anonymous_0)
FN:6,(anonymous_1)
FN:9,(anonymous_2)
FN:14,(anonymous_3)
FN:24,(anonymous_4)
FNF:5
FNH:5
FNDA:8,(anonymous_0)
FNDA:16,(anonymous_1)
FNDA:4,(anonymous_2)
FNDA:2,(anonymous_3)
FNDA:2,(anonymous_4)
DA:5,2
DA:6,16
DA:7,8
DA:8,8
DA:9,8
DA:10,4
DA:14,8
DA:15,2
DA:16,2
DA:17,1
DA:19,1
DA:22,8
DA:23,8
DA:24,2
LF:14
LH:14
BRDA:6,0,0,0
BRDA:10,1,0,2
BRDA:10,1,1,2
BRDA:16,2,0,1
BRDA:16,2,1,1
BRDA:27,3,0,8
BRDA:27,3,1,4
BRDA:30,4,0,4
BRDA:30,4,1,0
BRDA:31,5,0,4
BRDA:31,5,1,0
BRF:11
BRH:8
end_of_record
TN:
SF:/Users/jordanbourne/Repos/sideWork/rocket-ui-test/src/components/Navigation.jsx
FN:4,(anonymous_0)
FNF:1
FNH:1
FNDA:1,(anonymous_0)
DA:4,1
DA:5,1
LF:2
LH:2
BRF:0
BRH:0
end_of_record
TN:
SF:/Users/jordanbourne/Repos/sideWork/rocket-ui-test/src/services/BaseService.js
FNF:0
FNH:0
DA:3,4
DA:4,4
LF:2
LH:2
BRF:0
BRH:0
end_of_record
TN:
SF:/Users/jordanbourne/Repos/sideWork/rocket-ui-test/src/services/LaunchService.js
FN:6,(anonymous_0)
FNF:1
FNH:0
FNDA:0,(anonymous_0)
DA:3,2
DA:5,2
DA:6,0
LF:3
LH:2
BRF:0
BRH:0
end_of_record
TN:
SF:/Users/jordanbourne/Repos/sideWork/rocket-ui-test/src/services/RocketService.js
FN:6,(anonymous_0)
FNF:1
FNH:0
FNDA:0,(anonymous_0)
DA:3,3
DA:5,3
DA:6,0
LF:3
LH:2
BRF:0
BRH:0
end_of_record
TN:
SF:/Users/jordanbourne/Repos/sideWork/rocket-ui-test/src/views/ConnectedView.jsx
FN:9,MasterLayoutHOC
FN:11,(anonymous_1)
FN:26,(anonymous_2)
FN:28,(anonymous_3)
FNF:4
FNH:1
FNDA:1,MasterLayoutHOC
FNDA:0,(anonymous_1)
FNDA:0,(anonymous_2)
FNDA:0,(anonymous_3)
DA:7,1
DA:13,0
DA:18,0
DA:26,1
DA:28,1
DA:32,1
LF:6
LH:4
BRF:0
BRH:0
end_of_record
TN:
SF:/Users/jordanbourne/Repos/sideWork/rocket-ui-test/src/views/Launches.jsx
FN:7,(anonymous_0)
FN:9,(anonymous_1)
FN:11,(anonymous_2)
FN:15,(anonymous_3)
FN:26,(anonymous_4)
FNF:5
FNH:0
FNDA:0,(anonymous_0)
FNDA:0,(anonymous_1)
FNDA:0,(anonymous_2)
FNDA:0,(anonymous_3)
FNDA:0,(anonymous_4)
DA:7,1
DA:8,0
DA:9,0
DA:10,0
DA:11,0
DA:12,0
DA:15,0
DA:16,0
DA:17,0
DA:20,0
DA:21,0
DA:24,0
DA:27,0
DA:38,0
LF:14
LH:1
BRDA:16,0,0,0
BRDA:16,0,1,0
BRDA:16,1,0,0
BRDA:16,1,1,0
BRDA:20,2,0,0
BRDA:20,2,1,0
BRF:6
BRH:0
end_of_record
TN:
SF:/Users/jordanbourne/Repos/sideWork/rocket-ui-test/src/views/Layout.jsx
FN:3,(anonymous_0)
FNF:1
FNH:0
FNDA:0,(anonymous_0)
DA:3,1
DA:6,0
LF:2
LH:1
BRF:0
BRH:0
end_of_record
